<?xml version="1.0" encoding="UTF-8"?>
<testng-results ignored="0" total="2" passed="2" failed="0" skipped="0">
  <reporter-output>
  </reporter-output>
  <suite started-at="2022-03-08T00:50:41 AEDT" name="Default suite" finished-at="2022-03-08T00:51:10 AEDT" duration-ms="28624">
    <groups>
    </groups>
    <test started-at="2022-03-08T00:50:41 AEDT" name="Default test" finished-at="2022-03-08T00:51:10 AEDT" duration-ms="28624">
      <class name="com.orangehrm.Testcases.AddAndDeleteTest">
        <test-method is-config="true" signature="setup(java.lang.String,java.lang.String,java.lang.String,java.lang.String,java.lang.String)[pri:0, instance:com.orangehrm.Testcases.AddAndDeleteTest@52719fb6]" started-at="2022-03-08T00:50:41 AEDT" name="setup" finished-at="2022-03-08T00:50:50 AEDT" duration-ms="8682" status="PASS">
          <params>
            <param index="0">
              <value>
                <![CDATA[false]]>
              </value>
            </param>
            <param index="1">
              <value>
                <![CDATA[]]>
              </value>
            </param>
            <param index="2">
              <value>
                <![CDATA[]]>
              </value>
            </param>
            <param index="3">
              <value>
                <![CDATA[chrome]]>
              </value>
            </param>
            <param index="4">
              <value>
                <![CDATA[]]>
              </value>
            </param>
          </params>
          <reporter-output>
          </reporter-output>
        </test-method> <!-- setup -->
        <test-method is-config="true" signature="setupDriver()[pri:0, instance:com.orangehrm.Testcases.AddAndDeleteTest@52719fb6]" started-at="2022-03-08T00:50:51 AEDT" name="setupDriver" finished-at="2022-03-08T00:50:51 AEDT" duration-ms="1" status="PASS">
          <reporter-output>
          </reporter-output>
        </test-method> <!-- setupDriver -->
        <test-method signature="Login(java.lang.String,java.lang.String)[pri:1, instance:com.orangehrm.Testcases.AddAndDeleteTest@52719fb6]" started-at="2022-03-08T00:50:51 AEDT" name="Login" data-provider="Login" finished-at="2022-03-08T00:50:56 AEDT" duration-ms="4741" status="PASS">
          <params>
            <param index="0">
              <value>
                <![CDATA[Admin]]>
              </value>
            </param>
            <param index="1">
              <value>
                <![CDATA[admin123]]>
              </value>
            </param>
          </params>
          <reporter-output>
          </reporter-output>
        </test-method> <!-- Login -->
        <test-method is-config="true" signature="setupDriver()[pri:0, instance:com.orangehrm.Testcases.AddAndDeleteTest@52719fb6]" started-at="2022-03-08T00:50:56 AEDT" name="setupDriver" finished-at="2022-03-08T00:50:56 AEDT" duration-ms="0" status="PASS">
          <reporter-output>
          </reporter-output>
        </test-method> <!-- setupDriver -->
        <test-method signature="AddEmployee(java.lang.String,java.lang.String,java.lang.String,java.lang.String,java.lang.String,java.lang.String)[pri:2, instance:com.orangehrm.Testcases.AddAndDeleteTest@52719fb6]" started-at="2022-03-08T00:50:56 AEDT" name="AddEmployee" data-provider="AddEmp" finished-at="2022-03-08T00:51:10 AEDT" duration-ms="13795" status="PASS">
          <params>
            <param index="0">
              <value>
                <![CDATA[Nutana]]>
              </value>
            </param>
            <param index="1">
              <value>
                <![CDATA[Selenium]]>
              </value>
            </param>
            <param index="2">
              <value>
                <![CDATA[Nutana_002]]>
              </value>
            </param>
            <param index="3">
              <value>
                <![CDATA[Nutana_002]]>
              </value>
            </param>
            <param index="4">
              <value>
                <![CDATA[Nutana_002]]>
              </value>
            </param>
            <param index="5">
              <value>
                <![CDATA[Enabled]]>
              </value>
            </param>
          </params>
          <reporter-output>
          </reporter-output>
        </test-method> <!-- AddEmployee -->
      </class> <!-- com.orangehrm.Testcases.AddAndDeleteTest -->
    </test> <!-- Default test -->
  </suite> <!-- Default suite -->
</testng-results>
